..\..\..\samples\gaussian_blur/stb_image.h(553,10): warning : cast to 'unsigned char *' from smaller integer type 'int' [-Wint-to-pointer-cast]
..\..\..\samples\gaussian_blur/stb_image.h(561,18): warning : cast to 'unsigned char *' from smaller integer type 'int' [-Wint-to-pointer-cast]
..\..\..\samples\gaussian_blur/stb_image.h(599,10): warning : cast to 'float *' from smaller integer type 'int' [-Wint-to-pointer-cast]
..\..\..\samples\gaussian_blur/stb_image.h(621,18): warning : cast to 'float *' from smaller integer type 'int' [-Wint-to-pointer-cast]
..\..\..\samples\gaussian_blur/stb_image.h(809,52): error : unknown type name 'uint'
..\..\..\samples\gaussian_blur/stb_image.h(809,60): error : unknown type name 'uint'
..\..\..\samples\gaussian_blur/stb_image.h(819,12): warning : cast to 'unsigned char *' from smaller integer type 'int' [-Wint-to-pointer-cast]
..\..\..\samples\gaussian_blur/stb_image.h(875,12): warning : cast to 'float *' from smaller integer type 'int' [-Wint-to-pointer-cast]
..\..\..\samples\gaussian_blur/stb_image.h(899,12): warning : cast to 'unsigned char *' from smaller integer type 'int' [-Wint-to-pointer-cast]
..\..\..\samples\gaussian_blur/stb_image.h(1835,12): warning : cast to 'unsigned char *' from smaller integer type 'int' [-Wint-to-pointer-cast]
..\..\..\samples\gaussian_blur/stb_image.h(1855,5): error : unknown type name 'uint'
..\..\..\samples\gaussian_blur/stb_image.h(1869,16): warning : cast to 'unsigned char *' from smaller integer type 'int' [-Wint-to-pointer-cast]
..\..\..\samples\gaussian_blur/stb_image.h(1895,14): warning : cast to 'unsigned char *' from smaller integer type 'int' [-Wint-to-pointer-cast]
..\..\..\samples\gaussian_blur/stb_image.h(1899,10): error : use of undeclared identifier 'j'
..\..\..\samples\gaussian_blur/stb_image.h(1899,17): error : use of undeclared identifier 'j'
..\..\..\samples\gaussian_blur/stb_image.h(1899,36): error : use of undeclared identifier 'j'
..\..\..\samples\gaussian_blur/stb_image.h(1900,47): error : use of undeclared identifier 'j'
..\..\..\samples\gaussian_blur/stb_image.h(2905,12): warning : cast to 'unsigned char *' from smaller integer type 'int' [-Wint-to-pointer-cast]
..\..\..\samples\gaussian_blur/stb_image.h(3026,48): warning : cast to 'unsigned char *' from smaller integer type 'int' [-Wint-to-pointer-cast]
..\..\..\samples\gaussian_blur/stb_image.h(3033,12): warning : cast to 'unsigned char *' from smaller integer type 'int' [-Wint-to-pointer-cast]
..\..\..\samples\gaussian_blur/stb_image.h(3041,31): warning : cast to 'unsigned char *' from smaller integer type 'int' [-Wint-to-pointer-cast]
..\..\..\samples\gaussian_blur/stb_image.h(3043,24): warning : cast to 'unsigned char *' from smaller integer type 'int' [-Wint-to-pointer-cast]
..\..\..\samples\gaussian_blur/stb_image.h(3051,14): warning : cast to 'unsigned char *' from smaller integer type 'int' [-Wint-to-pointer-cast]
..\..\..\samples\gaussian_blur/stb_image.h(3086,20): warning : cast to 'unsigned char *' from smaller integer type 'int' [-Wint-to-pointer-cast]
..\..\..\samples\gaussian_blur/stb_image.h(3089,18): warning : cast to 'unsigned char *' from smaller integer type 'int' [-Wint-to-pointer-cast]
..\..\..\samples\gaussian_blur/stb_image.h(3108,20): warning : cast to 'unsigned char *' from smaller integer type 'int' [-Wint-to-pointer-cast]
..\..\..\samples\gaussian_blur/stb_image.h(3113,14): warning : cast to 'unsigned char *' from smaller integer type 'int' [-Wint-to-pointer-cast]
..\..\..\samples\gaussian_blur/stb_image.h(3129,14): warning : cast to 'unsigned char *' from smaller integer type 'int' [-Wint-to-pointer-cast]
..\..\..\samples\gaussian_blur/stb_image.h(3174,16): warning : cast to 'unsigned char *' from smaller integer type 'int' [-Wint-to-pointer-cast]
..\..\..\samples\gaussian_blur/stb_image.h(3371,25): warning : cast to 'unsigned char *' from smaller integer type 'int' [-Wint-to-pointer-cast]
..\..\..\samples\gaussian_blur/stb_image.h(3382,30): warning : cast to 'unsigned char *' from smaller integer type 'int' [-Wint-to-pointer-cast]
..\..\..\samples\gaussian_blur/stb_image.h(3386,14): warning : cast to 'unsigned char *' from smaller integer type 'int' [-Wint-to-pointer-cast]
..\..\..\samples\gaussian_blur/stb_image.h(3547,12): warning : cast to 'unsigned char *' from smaller integer type 'int' [-Wint-to-pointer-cast]
..\..\..\samples\gaussian_blur/stb_image.h(3551,12): warning : cast to 'unsigned char *' from smaller integer type 'int' [-Wint-to-pointer-cast]
..\..\..\samples\gaussian_blur/stb_image.h(3559,12): warning : cast to 'unsigned char *' from smaller integer type 'int' [-Wint-to-pointer-cast]
..\..\..\samples\gaussian_blur/stb_image.h(3568,12): warning : cast to 'unsigned char *' from smaller integer type 'int' [-Wint-to-pointer-cast]
..\..\..\samples\gaussian_blur/stb_image.h(3581,12): warning : cast to 'unsigned char *' from smaller integer type 'int' [-Wint-to-pointer-cast]
..\..\..\samples\gaussian_blur/stb_image.h(3599,12): warning : cast to 'unsigned char *' from smaller integer type 'int' [-Wint-to-pointer-cast]
..\..\..\samples\gaussian_blur/stb_image.h(3603,20): warning : cast to 'unsigned char *' from smaller integer type 'int' [-Wint-to-pointer-cast]
..\..\..\samples\gaussian_blur/stb_image.h(3741,29): warning : cast to 'unsigned char *' from smaller integer type 'int' [-Wint-to-pointer-cast]
..\..\..\samples\gaussian_blur/stb_image.h(3767,14): warning : cast to 'unsigned char *' from smaller integer type 'int' [-Wint-to-pointer-cast]
..\..\..\samples\gaussian_blur/stb_image.h(3778,27): warning : cast to 'unsigned char *' from smaller integer type 'int' [-Wint-to-pointer-cast]
..\..\..\samples\gaussian_blur/stb_image.h(3779,35): warning : cast to 'unsigned char *' from smaller integer type 'int' [-Wint-to-pointer-cast]
..\..\..\samples\gaussian_blur/stb_image.h(3793,18): warning : cast to 'unsigned char *' from smaller integer type 'int' [-Wint-to-pointer-cast]
..\..\..\samples\gaussian_blur/stb_image.h(3812,22): warning : cast to 'unsigned char *' from smaller integer type 'int' [-Wint-to-pointer-cast]
..\..\..\samples\gaussian_blur/stb_image.h(3829,22): warning : cast to 'unsigned char *' from smaller integer type 'int' [-Wint-to-pointer-cast]
..\..\..\samples\gaussian_blur/stb_image.h(3839,40): warning : cast to 'unsigned char *' from smaller integer type 'int' [-Wint-to-pointer-cast]
..\..\..\samples\gaussian_blur/stb_image.h(3847,40): warning : cast to 'unsigned char *' from smaller integer type 'int' [-Wint-to-pointer-cast]
..\..\..\samples\gaussian_blur/stb_image.h(3871,25): warning : cast to 'unsigned char *' from smaller integer type 'int' [-Wint-to-pointer-cast]
..\..\..\samples\gaussian_blur/stb_image.h(3872,33): warning : cast to 'unsigned char *' from smaller integer type 'int' [-Wint-to-pointer-cast]
..\..\..\samples\gaussian_blur/stb_image.h(4078,27): warning : cast to 'unsigned char *' from smaller integer type 'int' [-Wint-to-pointer-cast]
..\..\..\samples\gaussian_blur/stb_image.h(4082,36): warning : cast to 'unsigned char *' from smaller integer type 'int' [-Wint-to-pointer-cast]
..\..\..\samples\gaussian_blur/stb_image.h(4087,18): warning : cast to 'unsigned char *' from smaller integer type 'int' [-Wint-to-pointer-cast]
..\..\..\samples\gaussian_blur/stb_image.h(4098,16): warning : cast to 'unsigned char *' from smaller integer type 'int' [-Wint-to-pointer-cast]
..\..\..\samples\gaussian_blur/stb_image.h(4128,29): warning : cast to 'unsigned char *' from smaller integer type 'int' [-Wint-to-pointer-cast]
..\..\..\samples\gaussian_blur/stb_image.h(4135,31): warning : cast to 'unsigned char *' from smaller integer type 'int' [-Wint-to-pointer-cast]
..\..\..\samples\gaussian_blur/stb_image.h(4152,18): warning : cast to 'unsigned char *' from smaller integer type 'int' [-Wint-to-pointer-cast]
..\..\..\samples\gaussian_blur/stb_image.h(4184,18): warning : cast to 'unsigned char *' from smaller integer type 'int' [-Wint-to-pointer-cast]
..\..\..\samples\gaussian_blur/stb_image.h(4216,16): warning : cast to 'unsigned char *' from smaller integer type 'int' [-Wint-to-pointer-cast]
..\..\..\samples\gaussian_blur/stb_image.h(4323,12): warning : cast to 'float *' from smaller integer type 'int' [-Wint-to-pointer-cast]
..\..\..\samples\gaussian_blur/stb_image.h(4332,22): warning : cast to 'float *' from smaller integer type 'int' [-Wint-to-pointer-cast]
..\..\..\samples\gaussian_blur/stb_image.h(4338,12): warning : cast to 'float *' from smaller integer type 'int' [-Wint-to-pointer-cast]
..\..\..\samples\gaussian_blur/stb_image.h(4343,12): warning : cast to 'float *' from smaller integer type 'int' [-Wint-to-pointer-cast]
..\..\..\samples\gaussian_blur/stb_image.h(4397,16): warning : cast to 'float *' from smaller integer type 'int' [-Wint-to-pointer-cast]
C:\Program Files (x86)\MSBuild\Microsoft.Cpp\v4.0\V140\BuildCustomizations\ComputeCpp.targets(60,9): error MSB3721: The command ""C:\Program Files\Codeplay\ComputeCpp\bin\compute++.exe" -D_SIZE_T_DEFINED -Wno-ignored-attributes -fdiagnostics-format=msvc -O2 -sycl -emit-llvm -nobuiltininc -I"C:\Program Files\Codeplay\ComputeCpp\include" -I"C:\Program Files\Codeplay\ComputeCpp\include\image_library" -I"C:\Users\Graham\Documents\Work\computecpp-sdk(WinInstall)\tools\Visual Studio 2015\gaussian_blur\\" -o"C:\Users\Graham\Documents\Work\computecpp-sdk(WinInstall)\tools\Visual Studio 2015\gaussian_blur\gaussian_blur.sycl" -c ..\..\..\samples\gaussian_blur\gaussian_blur.cpp " exited with code 1.
LINK : fatal error LNK1104: cannot open file 'x64\Debug\gaussian_blur.obj'
